# JRE version: OpenJDK Runtime Environment Temurin-21.0.8+9 (21.0.8+9) (build 21.0.8+9-LTS)
# Java VM: OpenJDK 64-Bit Server VM Temurin-21.0.8+9 (21.0.8+9-LTS, mixed mode, sharing, tiered, compressed oops, compressed class ptrs, parallel gc, windows-amd64)
GC Precious Log:
 CardTable entry size: 512
 CPUs: 12 total, 12 available
 Memory: 16105M
 Large Page Support: Disabled
 NUMA Support: Disabled
 Compressed Oops: Enabled (32-bit)
 Alignments: Space 512K, Generation 512K, Heap 2M
 Heap Min Capacity: 100M
 Heap Initial Capacity: 100M
 Heap Max Capacity: 2G
 Pre-touch: Disabled
 Parallel Workers: 10
Heap:
 PSYoungGen      total 6144K, used 1933K [0x00000000d5580000, 0x00000000d5c80000, 0x0000000100000000)
  eden space 5120K, 26% used [0x00000000d5580000,0x00000000d56d4b70,0x00000000d5a80000)
  from space 1024K, 55% used [0x00000000d5b80000,0x00000000d5c0e900,0x00000000d5c80000)
  to   space 1024K, 0% used [0x00000000d5a80000,0x00000000d5a80000,0x00000000d5b80000)
 ParOldGen       total 997888K, used 997706K [0x0000000080000000, 0x00000000bce80000, 0x00000000d5580000)
  object space 997888K, 99% used [0x0000000080000000,0x00000000bce52a78,0x00000000bce80000)
 Metaspace       used 96097K, committed 97792K, reserved 1179648K
  class space    used 9445K, committed 10240K, reserved 1048576K
GC Heap History (20 events):
Event: 6240.350 GC heap before
{Heap before GC invocations=7857 (full 9):
 PSYoungGen      total 6144K, used 5972K [0x00000000d5580000, 0x00000000d5c80000, 0x0000000100000000)
  eden space 5120K, 100% used [0x00000000d5580000,0x00000000d5a80000,0x00000000d5a80000)
  from space 1024K, 83% used [0x00000000d5b80000,0x00000000d5c55200,0x00000000d5c80000)
  to   space 1024K, 0% used [0x00000000d5a80000,0x00000000d5a80000,0x00000000d5b80000)
 ParOldGen       total 992256K, used 992201K [0x0000000080000000, 0x00000000bc900000, 0x00000000d5580000)
  object space 992256K, 99% used [0x0000000080000000,0x00000000bc8f2778,0x00000000bc900000)
 Metaspace       used 96061K, committed 97792K, reserved 1179648K
  class space    used 9443K, committed 10240K, reserved 1048576K
}
Event: 6240.351 GC heap after
{Heap after GC invocations=7857 (full 9):
 PSYoungGen      total 6144K, used 768K [0x00000000d5580000, 0x00000000d5c80000, 0x0000000100000000)
  eden space 5120K, 0% used [0x00000000d5580000,0x00000000d5580000,0x00000000d5a80000)
  from space 1024K, 75% used [0x00000000d5a80000,0x00000000d5b40000,0x00000000d5b80000)
  to   space 1024K, 0% used [0x00000000d5b80000,0x00000000d5b80000,0x00000000d5c80000)
 ParOldGen       total 993280K, used 992846K [0x0000000080000000, 0x00000000bca00000, 0x00000000d5580000)
  object space 993280K, 99% used [0x0000000080000000,0x00000000bc993998,0x00000000bca00000)
 Metaspace       used 96061K, committed 97792K, reserved 1179648K
  class space    used 9443K, committed 10240K, reserved 1048576K
}
Event: 6240.357 GC heap before
{Heap before GC invocations=7858 (full 9):
 PSYoungGen      total 6144K, used 5888K [0x00000000d5580000, 0x00000000d5c80000, 0x0000000100000000)
  eden space 5120K, 100% used [0x00000000d5580000,0x00000000d5a80000,0x00000000d5a80000)
  from space 1024K, 75% used [0x00000000d5a80000,0x00000000d5b40000,0x00000000d5b80000)
  to   space 1024K, 0% used [0x00000000d5b80000,0x00000000d5b80000,0x00000000d5c80000)
 ParOldGen       total 993280K, used 992846K [0x0000000080000000, 0x00000000bca00000, 0x00000000d5580000)
  object space 993280K, 99% used [0x0000000080000000,0x00000000bc993998,0x00000000bca00000)
 Metaspace       used 96061K, committed 97792K, reserved 1179648K
  class space    used 9443K, committed 10240K, reserved 1048576K
}
Event: 6240.359 GC heap after
{Heap after GC invocations=7858 (full 9):
 PSYoungGen      total 6144K, used 778K [0x00000000d5580000, 0x00000000d5c80000, 0x0000000100000000)
  eden space 5120K, 0% used [0x00000000d5580000,0x00000000d5580000,0x00000000d5a80000)
  from space 1024K, 76% used [0x00000000d5b80000,0x00000000d5c42910,0x00000000d5c80000)
  to   space 1024K, 0% used [0x00000000d5a80000,0x00000000d5a80000,0x00000000d5b80000)
 ParOldGen       total 993792K, used 993362K [0x0000000080000000, 0x00000000bca80000, 0x00000000d5580000)
  object space 993792K, 99% used [0x0000000080000000,0x00000000bca149e0,0x00000000bca80000)
 Metaspace       used 96061K, committed 97792K, reserved 1179648K
  class space    used 9443K, committed 10240K, reserved 1048576K
}
Event: 6240.392 GC heap before
{Heap before GC invocations=7859 (full 9):
 PSYoungGen      total 6144K, used 5898K [0x00000000d5580000, 0x00000000d5c80000, 0x0000000100000000)
  eden space 5120K, 100% used [0x00000000d5580000,0x00000000d5a80000,0x00000000d5a80000)
  from space 1024K, 76% used [0x00000000d5b80000,0x00000000d5c42910,0x00000000d5c80000)
  to   space 1024K, 0% used [0x00000000d5a80000,0x00000000d5a80000,0x00000000d5b80000)
 ParOldGen       total 993792K, used 993362K [0x0000000080000000, 0x00000000bca80000, 0x00000000d5580000)
  object space 993792K, 99% used [0x0000000080000000,0x00000000bca149e0,0x00000000bca80000)
 Metaspace       used 96061K, committed 97792K, reserved 1179648K
  class space    used 9443K, committed 10240K, reserved 1048576K
}
Event: 6240.394 GC heap after
{Heap after GC invocations=7859 (full 9):
 PSYoungGen      total 6144K, used 868K [0x00000000d5580000, 0x00000000d5c80000, 0x0000000100000000)
  eden space 5120K, 0% used [0x00000000d5580000,0x00000000d5580000,0x00000000d5a80000)
  from space 1024K, 84% used [0x00000000d5a80000,0x00000000d5b59210,0x00000000d5b80000)
  to   space 1024K, 0% used [0x00000000d5b80000,0x00000000d5b80000,0x00000000d5c80000)
 ParOldGen       total 994304K, used 994075K [0x0000000080000000, 0x00000000bcb00000, 0x00000000d5580000)
  object space 994304K, 99% used [0x0000000080000000,0x00000000bcac6e70,0x00000000bcb00000)
 Metaspace       used 96061K, committed 97792K, reserved 1179648K
  class space    used 9443K, committed 10240K, reserved 1048576K
}
Event: 6240.398 GC heap before
{Heap before GC invocations=7860 (full 9):
 PSYoungGen      total 6144K, used 5988K [0x00000000d5580000, 0x00000000d5c80000, 0x0000000100000000)
  eden space 5120K, 100% used [0x00000000d5580000,0x00000000d5a80000,0x00000000d5a80000)
  from space 1024K, 84% used [0x00000000d5a80000,0x00000000d5b59210,0x00000000d5b80000)
  to   space 1024K, 0% used [0x00000000d5b80000,0x00000000d5b80000,0x00000000d5c80000)
 ParOldGen       total 994304K, used 994075K [0x0000000080000000, 0x00000000bcb00000, 0x00000000d5580000)
  object space 994304K, 99% used [0x0000000080000000,0x00000000bcac6e70,0x00000000bcb00000)
 Metaspace       used 96061K, committed 97792K, reserved 1179648K
  class space    used 9443K, committed 10240K, reserved 1048576K
}
Event: 6240.400 GC heap after
{Heap after GC invocations=7860 (full 9):
 PSYoungGen      total 6144K, used 672K [0x00000000d5580000, 0x00000000d5c80000, 0x0000000100000000)
  eden space 5120K, 0% used [0x00000000d5580000,0x00000000d5580000,0x00000000d5a80000)
  from space 1024K, 65% used [0x00000000d5b80000,0x00000000d5c28000,0x00000000d5c80000)
  to   space 1024K, 0% used [0x00000000d5a80000,0x00000000d5a80000,0x00000000d5b80000)
 ParOldGen       total 994816K, used 994763K [0x0000000080000000, 0x00000000bcb80000, 0x00000000d5580000)
  object space 994816K, 99% used [0x0000000080000000,0x00000000bcb72ec0,0x00000000bcb80000)
 Metaspace       used 96061K, committed 97792K, reserved 1179648K
  class space    used 9443K, committed 10240K, reserved 1048576K
}
Event: 6240.408 GC heap before
{Heap before GC invocations=7861 (full 9):
 PSYoungGen      total 6144K, used 5792K [0x00000000d5580000, 0x00000000d5c80000, 0x0000000100000000)
  eden space 5120K, 100% used [0x00000000d5580000,0x00000000d5a80000,0x00000000d5a80000)
  from space 1024K, 65% used [0x00000000d5b80000,0x00000000d5c28000,0x00000000d5c80000)
  to   space 1024K, 0% used [0x00000000d5a80000,0x00000000d5a80000,0x00000000d5b80000)
 ParOldGen       total 994816K, used 994763K [0x0000000080000000, 0x00000000bcb80000, 0x00000000d5580000)
  object space 994816K, 99% used [0x0000000080000000,0x00000000bcb72ec0,0x00000000bcb80000)
 Metaspace       used 96061K, committed 97792K, reserved 1179648K
  class space    used 9443K, committed 10240K, reserved 1048576K
}
Event: 6240.410 GC heap after
{Heap after GC invocations=7861 (full 9):
 PSYoungGen      total 6144K, used 852K [0x00000000d5580000, 0x00000000d5c80000, 0x0000000100000000)
  eden space 5120K, 0% used [0x00000000d5580000,0x00000000d5580000,0x00000000d5a80000)
  from space 1024K, 83% used [0x00000000d5a80000,0x00000000d5b55200,0x00000000d5b80000)
  to   space 1024K, 0% used [0x00000000d5b80000,0x00000000d5b80000,0x00000000d5c80000)
 ParOldGen       total 995328K, used 995261K [0x0000000080000000, 0x00000000bcc00000, 0x00000000d5580000)
  object space 995328K, 99% used [0x0000000080000000,0x00000000bcbef738,0x00000000bcc00000)
 Metaspace       used 96061K, committed 97792K, reserved 1179648K
  class space    used 9443K, committed 10240K, reserved 1048576K
}
Event: 6240.415 GC heap before
{Heap before GC invocations=7862 (full 9):
 PSYoungGen      total 6144K, used 5972K [0x00000000d5580000, 0x00000000d5c80000, 0x0000000100000000)
  eden space 5120K, 100% used [0x00000000d5580000,0x00000000d5a80000,0x00000000d5a80000)
  from space 1024K, 83% used [0x00000000d5a80000,0x00000000d5b55200,0x00000000d5b80000)
  to   space 1024K, 0% used [0x00000000d5b80000,0x00000000d5b80000,0x00000000d5c80000)
 ParOldGen       total 995328K, used 995261K [0x0000000080000000, 0x00000000bcc00000, 0x00000000d5580000)
  object space 995328K, 99% used [0x0000000080000000,0x00000000bcbef738,0x00000000bcc00000)
 Metaspace       used 96061K, committed 97792K, reserved 1179648K
  class space    used 9443K, committed 10240K, reserved 1048576K
}
Event: 6240.417 GC heap after
{Heap after GC invocations=7862 (full 9):
 PSYoungGen      total 6144K, used 704K [0x00000000d5580000, 0x00000000d5c80000, 0x0000000100000000)
  eden space 5120K, 0% used [0x00000000d5580000,0x00000000d5580000,0x00000000d5a80000)
  from space 1024K, 68% used [0x00000000d5b80000,0x00000000d5c30000,0x00000000d5c80000)
  to   space 1024K, 0% used [0x00000000d5a80000,0x00000000d5a80000,0x00000000d5b80000)
 ParOldGen       total 996352K, used 995994K [0x0000000080000000, 0x00000000bcd00000, 0x00000000d5580000)
  object space 996352K, 99% used [0x0000000080000000,0x00000000bcca68f8,0x00000000bcd00000)
 Metaspace       used 96061K, committed 97792K, reserved 1179648K
  class space    used 9443K, committed 10240K, reserved 1048576K
}
Event: 7417.702 GC heap before
{Heap before GC invocations=7863 (full 9):
 PSYoungGen      total 6144K, used 5824K [0x00000000d5580000, 0x00000000d5c80000, 0x0000000100000000)
  eden space 5120K, 100% used [0x00000000d5580000,0x00000000d5a80000,0x00000000d5a80000)
  from space 1024K, 68% used [0x00000000d5b80000,0x00000000d5c30000,0x00000000d5c80000)
  to   space 1024K, 0% used [0x00000000d5a80000,0x00000000d5a80000,0x00000000d5b80000)
 ParOldGen       total 996352K, used 995994K [0x0000000080000000, 0x00000000bcd00000, 0x00000000d5580000)
  object space 996352K, 99% used [0x0000000080000000,0x00000000bcca68f8,0x00000000bcd00000)
 Metaspace       used 96069K, committed 97792K, reserved 1179648K
  class space    used 9443K, committed 10240K, reserved 1048576K
}
Event: 7417.706 GC heap after
{Heap after GC invocations=7863 (full 9):
 PSYoungGen      total 6144K, used 596K [0x00000000d5580000, 0x00000000d5c80000, 0x0000000100000000)
  eden space 5120K, 0% used [0x00000000d5580000,0x00000000d5580000,0x00000000d5a80000)
  from space 1024K, 58% used [0x00000000d5a80000,0x00000000d5b15220,0x00000000d5b80000)
  to   space 1024K, 0% used [0x00000000d5b80000,0x00000000d5b80000,0x00000000d5c80000)
 ParOldGen       total 996864K, used 996586K [0x0000000080000000, 0x00000000bcd80000, 0x00000000d5580000)
  object space 996864K, 99% used [0x0000000080000000,0x00000000bcd3a938,0x00000000bcd80000)
 Metaspace       used 96069K, committed 97792K, reserved 1179648K
  class space    used 9443K, committed 10240K, reserved 1048576K
}
Event: 7417.718 GC heap before
{Heap before GC invocations=7864 (full 9):
 PSYoungGen      total 6144K, used 5716K [0x00000000d5580000, 0x00000000d5c80000, 0x0000000100000000)
  eden space 5120K, 100% used [0x00000000d5580000,0x00000000d5a80000,0x00000000d5a80000)
  from space 1024K, 58% used [0x00000000d5a80000,0x00000000d5b15220,0x00000000d5b80000)
  to   space 1024K, 0% used [0x00000000d5b80000,0x00000000d5b80000,0x00000000d5c80000)
 ParOldGen       total 996864K, used 996586K [0x0000000080000000, 0x00000000bcd80000, 0x00000000d5580000)
  object space 996864K, 99% used [0x0000000080000000,0x00000000bcd3a938,0x00000000bcd80000)
 Metaspace       used 96069K, committed 97792K, reserved 1179648K
  class space    used 9443K, committed 10240K, reserved 1048576K
}
Event: 7417.720 GC heap after
{Heap after GC invocations=7864 (full 9):
 PSYoungGen      total 6144K, used 868K [0x00000000d5580000, 0x00000000d5c80000, 0x0000000100000000)
  eden space 5120K, 0% used [0x00000000d5580000,0x00000000d5580000,0x00000000d5a80000)
  from space 1024K, 84% used [0x00000000d5b80000,0x00000000d5c59230,0x00000000d5c80000)
  to   space 1024K, 0% used [0x00000000d5a80000,0x00000000d5a80000,0x00000000d5b80000)
 ParOldGen       total 997376K, used 997034K [0x0000000080000000, 0x00000000bce00000, 0x00000000d5580000)
  object space 997376K, 99% used [0x0000000080000000,0x00000000bcdaaa48,0x00000000bce00000)
 Metaspace       used 96069K, committed 97792K, reserved 1179648K
  class space    used 9443K, committed 10240K, reserved 1048576K
}
Event: 7418.164 GC heap before
{Heap before GC invocations=7865 (full 9):
 PSYoungGen      total 6144K, used 5988K [0x00000000d5580000, 0x00000000d5c80000, 0x0000000100000000)
  eden space 5120K, 100% used [0x00000000d5580000,0x00000000d5a80000,0x00000000d5a80000)
  from space 1024K, 84% used [0x00000000d5b80000,0x00000000d5c59230,0x00000000d5c80000)
  to   space 1024K, 0% used [0x00000000d5a80000,0x00000000d5a80000,0x00000000d5b80000)
 ParOldGen       total 997376K, used 997034K [0x0000000080000000, 0x00000000bce00000, 0x00000000d5580000)
  object space 997376K, 99% used [0x0000000080000000,0x00000000bcdaaa48,0x00000000bce00000)
 Metaspace       used 96093K, committed 97792K, reserved 1179648K
  class space    used 9445K, committed 10240K, reserved 1048576K
}
Event: 7418.166 GC heap after
{Heap after GC invocations=7865 (full 9):
 PSYoungGen      total 6144K, used 388K [0x00000000d5580000, 0x00000000d5c80000, 0x0000000100000000)
  eden space 5120K, 0% used [0x00000000d5580000,0x00000000d5580000,0x00000000d5a80000)
  from space 1024K, 37% used [0x00000000d5a80000,0x00000000d5ae1210,0x00000000d5b80000)
  to   space 1024K, 0% used [0x00000000d5b80000,0x00000000d5b80000,0x00000000d5c80000)
 ParOldGen       total 997888K, used 997618K [0x0000000080000000, 0x00000000bce80000, 0x00000000d5580000)
  object space 997888K, 99% used [0x0000000080000000,0x00000000bce3ca78,0x00000000bce80000)
 Metaspace       used 96093K, committed 97792K, reserved 1179648K
  class space    used 9445K, committed 10240K, reserved 1048576K
}
Event: 7418.172 GC heap before
{Heap before GC invocations=7866 (full 9):
 PSYoungGen      total 6144K, used 5508K [0x00000000d5580000, 0x00000000d5c80000, 0x0000000100000000)
  eden space 5120K, 100% used [0x00000000d5580000,0x00000000d5a80000,0x00000000d5a80000)
  from space 1024K, 37% used [0x00000000d5a80000,0x00000000d5ae1210,0x00000000d5b80000)
  to   space 1024K, 0% used [0x00000000d5b80000,0x00000000d5b80000,0x00000000d5c80000)
 ParOldGen       total 997888K, used 997618K [0x0000000080000000, 0x00000000bce80000, 0x00000000d5580000)
  object space 997888K, 99% used [0x0000000080000000,0x00000000bce3ca78,0x00000000bce80000)
 Metaspace       used 96093K, committed 97792K, reserved 1179648K
  class space    used 9445K, committed 10240K, reserved 1048576K
}
Event: 7418.175 GC heap after
{Heap after GC invocations=7866 (full 9):
 PSYoungGen      total 6144K, used 570K [0x00000000d5580000, 0x00000000d5c80000, 0x0000000100000000)
  eden space 5120K, 0% used [0x00000000d5580000,0x00000000d5580000,0x00000000d5a80000)
  from space 1024K, 55% used [0x00000000d5b80000,0x00000000d5c0e900,0x00000000d5c80000)
  to   space 1024K, 0% used [0x00000000d5a80000,0x00000000d5a80000,0x00000000d5b80000)
 ParOldGen       total 997888K, used 997706K [0x0000000080000000, 0x00000000bce80000, 0x00000000d5580000)
  object space 997888K, 99% used [0x0000000080000000,0x00000000bce52a78,0x00000000bce80000)
 Metaspace       used 96093K, committed 97792K, reserved 1179648K
  class space    used 9445K, committed 10240K, reserved 1048576K
}

