# JRE version: OpenJDK Runtime Environment Temurin-21.0.8+9 (21.0.8+9) (build 21.0.8+9-LTS)
# Java VM: OpenJDK 64-Bit Server VM Temurin-21.0.8+9 (21.0.8+9-LTS, mixed mode, sharing, tiered, compressed oops, compressed class ptrs, parallel gc, windows-amd64)
GC Precious Log:
 CardTable entry size: 512
 CPUs: 12 total, 12 available
 Memory: 16105M
 Large Page Support: Disabled
 NUMA Support: Disabled
 Compressed Oops: Enabled (32-bit)
 Alignments: Space 512K, Generation 512K, Heap 2M
 Heap Min Capacity: 100M
 Heap Initial Capacity: 100M
 Heap Max Capacity: 2G
 Pre-touch: Disabled
 Parallel Workers: 10
Heap:
 PSYoungGen      total 22016K, used 19588K [0x00000000d5580000, 0x00000000d6d80000, 0x0000000100000000)
  eden space 19456K, 89% used [0x00000000d5580000,0x00000000d6671078,0x00000000d6880000)
  from space 2560K, 87% used [0x00000000d6b00000,0x00000000d6d30000,0x00000000d6d80000)
  to   space 2560K, 0% used [0x00000000d6880000,0x00000000d6880000,0x00000000d6b00000)
 ParOldGen       total 88064K, used 87815K [0x0000000080000000, 0x0000000085600000, 0x00000000d5580000)
  object space 88064K, 99% used [0x0000000080000000,0x00000000855c1eb0,0x0000000085600000)
 Metaspace       used 51599K, committed 52928K, reserved 1114112K
  class space    used 5602K, committed 6208K, reserved 1048576K
GC Heap History (20 events):
Event: 27.067 GC heap before
{Heap before GC invocations=43 (full 2):
 PSYoungGen      total 23552K, used 23157K [0x00000000d5580000, 0x00000000d7300000, 0x0000000100000000)
  eden space 20480K, 100% used [0x00000000d5580000,0x00000000d6980000,0x00000000d6980000)
  from space 3072K, 87% used [0x00000000d7000000,0x00000000d729d600,0x00000000d7300000)
  to   space 3072K, 0% used [0x00000000d6d00000,0x00000000d6d00000,0x00000000d7000000)
 ParOldGen       total 68608K, used 63697K [0x0000000080000000, 0x0000000084300000, 0x00000000d5580000)
  object space 68608K, 92% used [0x0000000080000000,0x0000000083e345b0,0x0000000084300000)
 Metaspace       used 51512K, committed 52864K, reserved 1114112K
  class space    used 5601K, committed 6208K, reserved 1048576K
}
Event: 27.069 GC heap after
{Heap after GC invocations=43 (full 2):
 PSYoungGen      total 23552K, used 3042K [0x00000000d5580000, 0x00000000d7580000, 0x0000000100000000)
  eden space 20480K, 0% used [0x00000000d5580000,0x00000000d5580000,0x00000000d6980000)
  from space 3072K, 99% used [0x00000000d6d00000,0x00000000d6ff8998,0x00000000d7000000)
  to   space 5632K, 0% used [0x00000000d7000000,0x00000000d7000000,0x00000000d7580000)
 ParOldGen       total 68608K, used 66110K [0x0000000080000000, 0x0000000084300000, 0x00000000d5580000)
  object space 68608K, 96% used [0x0000000080000000,0x000000008408f828,0x0000000084300000)
 Metaspace       used 51512K, committed 52864K, reserved 1114112K
  class space    used 5601K, committed 6208K, reserved 1048576K
}
Event: 27.111 GC heap before
{Heap before GC invocations=44 (full 2):
 PSYoungGen      total 23552K, used 23522K [0x00000000d5580000, 0x00000000d7580000, 0x0000000100000000)
  eden space 20480K, 100% used [0x00000000d5580000,0x00000000d6980000,0x00000000d6980000)
  from space 3072K, 99% used [0x00000000d6d00000,0x00000000d6ff8998,0x00000000d7000000)
  to   space 5632K, 0% used [0x00000000d7000000,0x00000000d7000000,0x00000000d7580000)
 ParOldGen       total 68608K, used 66110K [0x0000000080000000, 0x0000000084300000, 0x00000000d5580000)
  object space 68608K, 96% used [0x0000000080000000,0x000000008408f828,0x0000000084300000)
 Metaspace       used 51542K, committed 52864K, reserved 1114112K
  class space    used 5602K, committed 6208K, reserved 1048576K
}
Event: 27.114 GC heap after
{Heap after GC invocations=44 (full 2):
 PSYoungGen      total 23040K, used 2368K [0x00000000d5580000, 0x00000000d7280000, 0x0000000100000000)
  eden space 20480K, 0% used [0x00000000d5580000,0x00000000d5580000,0x00000000d6980000)
  from space 2560K, 92% used [0x00000000d7000000,0x00000000d7250000,0x00000000d7280000)
  to   space 3584K, 0% used [0x00000000d6b80000,0x00000000d6b80000,0x00000000d6f00000)
 ParOldGen       total 69120K, used 68950K [0x0000000080000000, 0x0000000084380000, 0x00000000d5580000)
  object space 69120K, 99% used [0x0000000080000000,0x0000000084355830,0x0000000084380000)
 Metaspace       used 51542K, committed 52864K, reserved 1114112K
  class space    used 5602K, committed 6208K, reserved 1048576K
}
Event: 27.155 GC heap before
{Heap before GC invocations=45 (full 2):
 PSYoungGen      total 23040K, used 22848K [0x00000000d5580000, 0x00000000d7280000, 0x0000000100000000)
  eden space 20480K, 100% used [0x00000000d5580000,0x00000000d6980000,0x00000000d6980000)
  from space 2560K, 92% used [0x00000000d7000000,0x00000000d7250000,0x00000000d7280000)
  to   space 3584K, 0% used [0x00000000d6b80000,0x00000000d6b80000,0x00000000d6f00000)
 ParOldGen       total 69120K, used 68950K [0x0000000080000000, 0x0000000084380000, 0x00000000d5580000)
  object space 69120K, 99% used [0x0000000080000000,0x0000000084355830,0x0000000084380000)
 Metaspace       used 51543K, committed 52864K, reserved 1114112K
  class space    used 5602K, committed 6208K, reserved 1048576K
}
Event: 27.157 GC heap after
{Heap after GC invocations=45 (full 2):
 PSYoungGen      total 23040K, used 2368K [0x00000000d5580000, 0x00000000d7080000, 0x0000000100000000)
  eden space 20480K, 0% used [0x00000000d5580000,0x00000000d5580000,0x00000000d6980000)
  from space 2560K, 92% used [0x00000000d6b80000,0x00000000d6dd0000,0x00000000d6e00000)
  to   space 2560K, 0% used [0x00000000d6e00000,0x00000000d6e00000,0x00000000d7080000)
 ParOldGen       total 71168K, used 71110K [0x0000000080000000, 0x0000000084580000, 0x00000000d5580000)
  object space 71168K, 99% used [0x0000000080000000,0x0000000084571830,0x0000000084580000)
 Metaspace       used 51543K, committed 52864K, reserved 1114112K
  class space    used 5602K, committed 6208K, reserved 1048576K
}
Event: 27.198 GC heap before
{Heap before GC invocations=46 (full 2):
 PSYoungGen      total 23040K, used 22848K [0x00000000d5580000, 0x00000000d7080000, 0x0000000100000000)
  eden space 20480K, 100% used [0x00000000d5580000,0x00000000d6980000,0x00000000d6980000)
  from space 2560K, 92% used [0x00000000d6b80000,0x00000000d6dd0000,0x00000000d6e00000)
  to   space 2560K, 0% used [0x00000000d6e00000,0x00000000d6e00000,0x00000000d7080000)
 ParOldGen       total 71168K, used 71110K [0x0000000080000000, 0x0000000084580000, 0x00000000d5580000)
  object space 71168K, 99% used [0x0000000080000000,0x0000000084571830,0x0000000084580000)
 Metaspace       used 51545K, committed 52864K, reserved 1114112K
  class space    used 5602K, committed 6208K, reserved 1048576K
}
Event: 27.200 GC heap after
{Heap after GC invocations=46 (full 2):
 PSYoungGen      total 22016K, used 2540K [0x00000000d5580000, 0x00000000d7480000, 0x0000000100000000)
  eden space 19456K, 0% used [0x00000000d5580000,0x00000000d5580000,0x00000000d6880000)
  from space 2560K, 99% used [0x00000000d6e00000,0x00000000d707b010,0x00000000d7080000)
  to   space 5632K, 0% used [0x00000000d6880000,0x00000000d6880000,0x00000000d6e00000)
 ParOldGen       total 73728K, used 73318K [0x0000000080000000, 0x0000000084800000, 0x00000000d5580000)
  object space 73728K, 99% used [0x0000000080000000,0x0000000084799830,0x0000000084800000)
 Metaspace       used 51545K, committed 52864K, reserved 1114112K
  class space    used 5602K, committed 6208K, reserved 1048576K
}
Event: 27.231 GC heap before
{Heap before GC invocations=47 (full 2):
 PSYoungGen      total 22016K, used 21996K [0x00000000d5580000, 0x00000000d7480000, 0x0000000100000000)
  eden space 19456K, 100% used [0x00000000d5580000,0x00000000d6880000,0x00000000d6880000)
  from space 2560K, 99% used [0x00000000d6e00000,0x00000000d707b010,0x00000000d7080000)
  to   space 5632K, 0% used [0x00000000d6880000,0x00000000d6880000,0x00000000d6e00000)
 ParOldGen       total 73728K, used 73318K [0x0000000080000000, 0x0000000084800000, 0x00000000d5580000)
  object space 73728K, 99% used [0x0000000080000000,0x0000000084799830,0x0000000084800000)
 Metaspace       used 51559K, committed 52864K, reserved 1114112K
  class space    used 5602K, committed 6208K, reserved 1048576K
}
Event: 27.233 GC heap after
{Heap after GC invocations=47 (full 2):
 PSYoungGen      total 22528K, used 3072K [0x00000000d5580000, 0x00000000d7080000, 0x0000000100000000)
  eden space 19456K, 0% used [0x00000000d5580000,0x00000000d5580000,0x00000000d6880000)
  from space 3072K, 100% used [0x00000000d6880000,0x00000000d6b80000,0x00000000d6b80000)
  to   space 4096K, 0% used [0x00000000d6c80000,0x00000000d6c80000,0x00000000d7080000)
 ParOldGen       total 75776K, used 75624K [0x0000000080000000, 0x0000000084a00000, 0x00000000d5580000)
  object space 75776K, 99% used [0x0000000080000000,0x00000000849da260,0x0000000084a00000)
 Metaspace       used 51559K, committed 52864K, reserved 1114112K
  class space    used 5602K, committed 6208K, reserved 1048576K
}
Event: 27.270 GC heap before
{Heap before GC invocations=48 (full 2):
 PSYoungGen      total 22528K, used 22528K [0x00000000d5580000, 0x00000000d7080000, 0x0000000100000000)
  eden space 19456K, 100% used [0x00000000d5580000,0x00000000d6880000,0x00000000d6880000)
  from space 3072K, 100% used [0x00000000d6880000,0x00000000d6b80000,0x00000000d6b80000)
  to   space 4096K, 0% used [0x00000000d6c80000,0x00000000d6c80000,0x00000000d7080000)
 ParOldGen       total 75776K, used 75624K [0x0000000080000000, 0x0000000084a00000, 0x00000000d5580000)
  object space 75776K, 99% used [0x0000000080000000,0x00000000849da260,0x0000000084a00000)
 Metaspace       used 51565K, committed 52864K, reserved 1114112K
  class space    used 5602K, committed 6208K, reserved 1048576K
}
Event: 27.273 GC heap after
{Heap after GC invocations=48 (full 2):
 PSYoungGen      total 22528K, used 2841K [0x00000000d5580000, 0x00000000d6f80000, 0x0000000100000000)
  eden space 19456K, 0% used [0x00000000d5580000,0x00000000d5580000,0x00000000d6880000)
  from space 3072K, 92% used [0x00000000d6c80000,0x00000000d6f466f8,0x00000000d6f80000)
  to   space 3072K, 0% used [0x00000000d6880000,0x00000000d6880000,0x00000000d6b80000)
 ParOldGen       total 78848K, used 78391K [0x0000000080000000, 0x0000000084d00000, 0x00000000d5580000)
  object space 78848K, 99% used [0x0000000080000000,0x0000000084c8dc80,0x0000000084d00000)
 Metaspace       used 51565K, committed 52864K, reserved 1114112K
  class space    used 5602K, committed 6208K, reserved 1048576K
}
Event: 27.313 GC heap before
{Heap before GC invocations=49 (full 2):
 PSYoungGen      total 22528K, used 22297K [0x00000000d5580000, 0x00000000d6f80000, 0x0000000100000000)
  eden space 19456K, 100% used [0x00000000d5580000,0x00000000d6880000,0x00000000d6880000)
  from space 3072K, 92% used [0x00000000d6c80000,0x00000000d6f466f8,0x00000000d6f80000)
  to   space 3072K, 0% used [0x00000000d6880000,0x00000000d6880000,0x00000000d6b80000)
 ParOldGen       total 78848K, used 78391K [0x0000000080000000, 0x0000000084d00000, 0x00000000d5580000)
  object space 78848K, 99% used [0x0000000080000000,0x0000000084c8dc80,0x0000000084d00000)
 Metaspace       used 51567K, committed 52864K, reserved 1114112K
  class space    used 5602K, committed 6208K, reserved 1048576K
}
Event: 27.316 GC heap after
{Heap after GC invocations=49 (full 2):
 PSYoungGen      total 22528K, used 2608K [0x00000000d5580000, 0x00000000d6e80000, 0x0000000100000000)
  eden space 19456K, 0% used [0x00000000d5580000,0x00000000d5580000,0x00000000d6880000)
  from space 3072K, 84% used [0x00000000d6880000,0x00000000d6b0c010,0x00000000d6b80000)
  to   space 3072K, 0% used [0x00000000d6b80000,0x00000000d6b80000,0x00000000d6e80000)
 ParOldGen       total 81408K, used 80920K [0x0000000080000000, 0x0000000084f80000, 0x00000000d5580000)
  object space 81408K, 99% used [0x0000000080000000,0x0000000084f06088,0x0000000084f80000)
 Metaspace       used 51567K, committed 52864K, reserved 1114112K
  class space    used 5602K, committed 6208K, reserved 1048576K
}
Event: 27.353 GC heap before
{Heap before GC invocations=50 (full 2):
 PSYoungGen      total 22528K, used 22064K [0x00000000d5580000, 0x00000000d6e80000, 0x0000000100000000)
  eden space 19456K, 100% used [0x00000000d5580000,0x00000000d6880000,0x00000000d6880000)
  from space 3072K, 84% used [0x00000000d6880000,0x00000000d6b0c010,0x00000000d6b80000)
  to   space 3072K, 0% used [0x00000000d6b80000,0x00000000d6b80000,0x00000000d6e80000)
 ParOldGen       total 81408K, used 80920K [0x0000000080000000, 0x0000000084f80000, 0x00000000d5580000)
  object space 81408K, 99% used [0x0000000080000000,0x0000000084f06088,0x0000000084f80000)
 Metaspace       used 51571K, committed 52864K, reserved 1114112K
  class space    used 5602K, committed 6208K, reserved 1048576K
}
Event: 27.355 GC heap after
{Heap after GC invocations=50 (full 2):
 PSYoungGen      total 22528K, used 2656K [0x00000000d5580000, 0x00000000d6e80000, 0x0000000100000000)
  eden space 19456K, 0% used [0x00000000d5580000,0x00000000d5580000,0x00000000d6880000)
  from space 3072K, 86% used [0x00000000d6b80000,0x00000000d6e18000,0x00000000d6e80000)
  to   space 3072K, 0% used [0x00000000d6880000,0x00000000d6880000,0x00000000d6b80000)
 ParOldGen       total 83456K, used 83305K [0x0000000080000000, 0x0000000085180000, 0x00000000d5580000)
  object space 83456K, 99% used [0x0000000080000000,0x000000008515a490,0x0000000085180000)
 Metaspace       used 51571K, committed 52864K, reserved 1114112K
  class space    used 5602K, committed 6208K, reserved 1048576K
}
Event: 27.389 GC heap before
{Heap before GC invocations=51 (full 2):
 PSYoungGen      total 22528K, used 22112K [0x00000000d5580000, 0x00000000d6e80000, 0x0000000100000000)
  eden space 19456K, 100% used [0x00000000d5580000,0x00000000d6880000,0x00000000d6880000)
  from space 3072K, 86% used [0x00000000d6b80000,0x00000000d6e18000,0x00000000d6e80000)
  to   space 3072K, 0% used [0x00000000d6880000,0x00000000d6880000,0x00000000d6b80000)
 ParOldGen       total 83456K, used 83305K [0x0000000080000000, 0x0000000085180000, 0x00000000d5580000)
  object space 83456K, 99% used [0x0000000080000000,0x000000008515a490,0x0000000085180000)
 Metaspace       used 51571K, committed 52864K, reserved 1114112K
  class space    used 5602K, committed 6208K, reserved 1048576K
}
Event: 27.391 GC heap after
{Heap after GC invocations=51 (full 2):
 PSYoungGen      total 22016K, used 2336K [0x00000000d5580000, 0x00000000d6d80000, 0x0000000100000000)
  eden space 19456K, 0% used [0x00000000d5580000,0x00000000d5580000,0x00000000d6880000)
  from space 2560K, 91% used [0x00000000d6880000,0x00000000d6ac8000,0x00000000d6b00000)
  to   space 2560K, 0% used [0x00000000d6b00000,0x00000000d6b00000,0x00000000d6d80000)
 ParOldGen       total 86016K, used 85663K [0x0000000080000000, 0x0000000085400000, 0x00000000d5580000)
  object space 86016K, 99% used [0x0000000080000000,0x00000000853a7eb0,0x0000000085400000)
 Metaspace       used 51571K, committed 52864K, reserved 1114112K
  class space    used 5602K, committed 6208K, reserved 1048576K
}
Event: 27.426 GC heap before
{Heap before GC invocations=52 (full 2):
 PSYoungGen      total 22016K, used 21792K [0x00000000d5580000, 0x00000000d6d80000, 0x0000000100000000)
  eden space 19456K, 100% used [0x00000000d5580000,0x00000000d6880000,0x00000000d6880000)
  from space 2560K, 91% used [0x00000000d6880000,0x00000000d6ac8000,0x00000000d6b00000)
  to   space 2560K, 0% used [0x00000000d6b00000,0x00000000d6b00000,0x00000000d6d80000)
 ParOldGen       total 86016K, used 85663K [0x0000000080000000, 0x0000000085400000, 0x00000000d5580000)
  object space 86016K, 99% used [0x0000000080000000,0x00000000853a7eb0,0x0000000085400000)
 Metaspace       used 51579K, committed 52864K, reserved 1114112K
  class space    used 5602K, committed 6208K, reserved 1048576K
}
Event: 27.429 GC heap after
{Heap after GC invocations=52 (full 2):
 PSYoungGen      total 22016K, used 2240K [0x00000000d5580000, 0x00000000d6d80000, 0x0000000100000000)
  eden space 19456K, 0% used [0x00000000d5580000,0x00000000d5580000,0x00000000d6880000)
  from space 2560K, 87% used [0x00000000d6b00000,0x00000000d6d30000,0x00000000d6d80000)
  to   space 2560K, 0% used [0x00000000d6880000,0x00000000d6880000,0x00000000d6b00000)
 ParOldGen       total 88064K, used 87815K [0x0000000080000000, 0x0000000085600000, 0x00000000d5580000)
  object space 88064K, 99% used [0x0000000080000000,0x00000000855c1eb0,0x0000000085600000)
 Metaspace       used 51579K, committed 52864K, reserved 1114112K
  class space    used 5602K, committed 6208K, reserved 1048576K
}

