# JRE version: OpenJDK Runtime Environment Temurin-25.0.1+8 (25.0.1+8) (build 25.0.1+8-LTS)
# Java VM: OpenJDK 64-Bit Server VM Temurin-25.0.1+8 (25.0.1+8-LTS, mixed mode, sharing, tiered, compressed oops, compressed class ptrs, parallel gc, windows-amd64)
GC Precious Log:
 CardTable entry size: 512
 CPUs: 12 total, 12 available
 Memory: 16105M
 Large Page Support: Disabled
 NUMA Support: Disabled
 Compressed Oops: Enabled (32-bit)
 Alignments: Space 512K, Generation 512K, Heap 2M
 Heap Min Capacity: 100M
 Heap Initial Capacity: 100M
 Heap Max Capacity: 2G
 Pre-touch: Disabled
 Parallel Workers: 10
Heap:
 PSYoungGen      total 30720K, used 0K [0x00000000d5580000, 0x00000000d7680000, 0x0000000100000000)
  eden space 28160K, 0% used [0x00000000d5580000,0x00000000d5580000,0x00000000d7100000)
  from space 2560K, 0% used [0x00000000d7100000,0x00000000d7100000,0x00000000d7380000)
  to   space 2048K, 0% used [0x00000000d7480000,0x00000000d7480000,0x00000000d7680000)
 ParOldGen       total 68608K, used 29319K [0x0000000080000000, 0x0000000084300000, 0x00000000d5580000)
  object space 68608K, 42% used [0x0000000080000000,0x0000000081ca1f18,0x0000000084300000)
GC Heap Usage History (20 events):
Event: 5.887 {heap Before GC invocations=8 (full 1):
 PSYoungGen      total 30208K, used 28840K [0x00000000d5580000, 0x00000000d7680000, 0x0000000100000000)
  eden space 26624K, 100% used [0x00000000d5580000,0x00000000d6f80000,0x00000000d6f80000)
  from space 3584K, 61% used [0x00000000d7300000,0x00000000d752a2b0,0x00000000d7680000)
  to   space 3584K, 0% used [0x00000000d6f80000,0x00000000d6f80000,0x00000000d7300000)
 ParOldGen       total 68608K, used 9234K [0x0000000080000000, 0x0000000084300000, 0x00000000d5580000)Event: 5.889 {heap After GC invocations=8 (full 1):
 PSYoungGen      total 29696K, used 3553K [0x00000000d5580000, 0x00000000d7900000, 0x0000000100000000)
  eden space 26112K, 0% used [0x00000000d5580000,0x00000000d5580000,0x00000000d6f00000)
  from space 3584K, 99% used [0x00000000d6f80000,0x00000000d72f8688,0x00000000d7300000)
  to   space 5120K, 0% used [0x00000000d7400000,0x00000000d7400000,0x00000000d7900000)
 ParOldGen       total 68608K, used 10059K [0x0000000080000000, 0x0000000084300000, 0x00000000d5580000)
  Event: 6.179 {heap Before GC invocations=9 (full 1):
 PSYoungGen      total 29696K, used 29665K [0x00000000d5580000, 0x00000000d7900000, 0x0000000100000000)
  eden space 26112K, 100% used [0x00000000d5580000,0x00000000d6f00000,0x00000000d6f00000)
  from space 3584K, 99% used [0x00000000d6f80000,0x00000000d72f8688,0x00000000d7300000)
  to   space 5120K, 0% used [0x00000000d7400000,0x00000000d7400000,0x00000000d7900000)
 ParOldGen       total 68608K, used 10059K [0x0000000080000000, 0x0000000084300000, 0x00000000d5580000Event: 6.181 {heap After GC invocations=9 (full 1):
 PSYoungGen      total 30720K, used 4915K [0x00000000d5580000, 0x00000000d7900000, 0x0000000100000000)
  eden space 25600K, 0% used [0x00000000d5580000,0x00000000d5580000,0x00000000d6e80000)
  from space 5120K, 96% used [0x00000000d7400000,0x00000000d78ccdb0,0x00000000d7900000)
  to   space 5120K, 0% used [0x00000000d6f00000,0x00000000d6f00000,0x00000000d7400000)
 ParOldGen       total 68608K, used 10067K [0x0000000080000000, 0x0000000084300000, 0x00000000d5580000)
  Event: 7.645 {heap Before GC invocations=10 (full 1):
 PSYoungGen      total 30720K, used 30515K [0x00000000d5580000, 0x00000000d7900000, 0x0000000100000000)
  eden space 25600K, 100% used [0x00000000d5580000,0x00000000d6e80000,0x00000000d6e80000)
  from space 5120K, 96% used [0x00000000d7400000,0x00000000d78ccdb0,0x00000000d7900000)
  to   space 5120K, 0% used [0x00000000d6f00000,0x00000000d6f00000,0x00000000d7400000)
 ParOldGen       total 68608K, used 10067K [0x0000000080000000, 0x0000000084300000, 0x00000000d558000Event: 7.649 {heap After GC invocations=10 (full 1):
 PSYoungGen      total 30208K, used 4623K [0x00000000d5580000, 0x00000000d7800000, 0x0000000100000000)
  eden space 25088K, 0% used [0x00000000d5580000,0x00000000d5580000,0x00000000d6e00000)
  from space 5120K, 90% used [0x00000000d6f00000,0x00000000d7383e10,0x00000000d7400000)
  to   space 4096K, 0% used [0x00000000d7400000,0x00000000d7400000,0x00000000d7800000)
 ParOldGen       total 68608K, used 11935K [0x0000000080000000, 0x0000000084300000, 0x00000000d5580000)
 Event: 7.690 {heap Before GC invocations=11 (full 1):
 PSYoungGen      total 30208K, used 29711K [0x00000000d5580000, 0x00000000d7800000, 0x0000000100000000)
  eden space 25088K, 100% used [0x00000000d5580000,0x00000000d6e00000,0x00000000d6e00000)
  from space 5120K, 90% used [0x00000000d6f00000,0x00000000d7383e10,0x00000000d7400000)
  to   space 4096K, 0% used [0x00000000d7400000,0x00000000d7400000,0x00000000d7800000)
 ParOldGen       total 68608K, used 11935K [0x0000000080000000, 0x0000000084300000, 0x00000000d558000Event: 7.693 {heap After GC invocations=11 (full 1):
 PSYoungGen      total 30208K, used 4032K [0x00000000d5580000, 0x00000000d7800000, 0x0000000100000000)
  eden space 26112K, 0% used [0x00000000d5580000,0x00000000d5580000,0x00000000d6f00000)
  from space 4096K, 98% used [0x00000000d7400000,0x00000000d77f0030,0x00000000d7800000)
  to   space 4608K, 0% used [0x00000000d6f00000,0x00000000d6f00000,0x00000000d7380000)
 ParOldGen       total 68608K, used 14778K [0x0000000080000000, 0x0000000084300000, 0x00000000d5580000)
 Event: 7.772 {heap Before GC invocations=12 (full 1):
 PSYoungGen      total 30208K, used 30144K [0x00000000d5580000, 0x00000000d7800000, 0x0000000100000000)
  eden space 26112K, 100% used [0x00000000d5580000,0x00000000d6f00000,0x00000000d6f00000)
  from space 4096K, 98% used [0x00000000d7400000,0x00000000d77f0030,0x00000000d7800000)
  to   space 4608K, 0% used [0x00000000d6f00000,0x00000000d6f00000,0x00000000d7380000)
 ParOldGen       total 68608K, used 14778K [0x0000000080000000, 0x0000000084300000, 0x00000000d558000Event: 7.776 {heap After GC invocations=12 (full 1):
 PSYoungGen      total 29184K, used 2850K [0x00000000d5580000, 0x00000000d7680000, 0x0000000100000000)
  eden space 26112K, 0% used [0x00000000d5580000,0x00000000d5580000,0x00000000d6f00000)
  from space 3072K, 92% used [0x00000000d6f00000,0x00000000d71c8820,0x00000000d7200000)
  to   space 3584K, 0% used [0x00000000d7300000,0x00000000d7300000,0x00000000d7680000)
 ParOldGen       total 68608K, used 18484K [0x0000000080000000, 0x0000000084300000, 0x00000000d5580000)
 Event: 7.812 {heap Before GC invocations=13 (full 1):
 PSYoungGen      total 29184K, used 28962K [0x00000000d5580000, 0x00000000d7680000, 0x0000000100000000)
  eden space 26112K, 100% used [0x00000000d5580000,0x00000000d6f00000,0x00000000d6f00000)
  from space 3072K, 92% used [0x00000000d6f00000,0x00000000d71c8820,0x00000000d7200000)
  to   space 3584K, 0% used [0x00000000d7300000,0x00000000d7300000,0x00000000d7680000)
 ParOldGen       total 68608K, used 18484K [0x0000000080000000, 0x0000000084300000, 0x00000000d558000Event: 7.814 {heap After GC invocations=13 (full 1):
 PSYoungGen      total 30720K, used 2596K [0x00000000d5580000, 0x00000000d7680000, 0x0000000100000000)
  eden space 27136K, 0% used [0x00000000d5580000,0x00000000d5580000,0x00000000d7000000)
  from space 3584K, 72% used [0x00000000d7300000,0x00000000d7589000,0x00000000d7680000)
  to   space 3072K, 0% used [0x00000000d7000000,0x00000000d7000000,0x00000000d7300000)
 ParOldGen       total 68608K, used 20992K [0x0000000080000000, 0x0000000084300000, 0x00000000d5580000)
 Event: 7.865 {heap Before GC invocations=14 (full 1):
 PSYoungGen      total 30720K, used 29732K [0x00000000d5580000, 0x00000000d7680000, 0x0000000100000000)
  eden space 27136K, 100% used [0x00000000d5580000,0x00000000d7000000,0x00000000d7000000)
  from space 3584K, 72% used [0x00000000d7300000,0x00000000d7589000,0x00000000d7680000)
  to   space 3072K, 0% used [0x00000000d7000000,0x00000000d7000000,0x00000000d7300000)
 ParOldGen       total 68608K, used 20992K [0x0000000080000000, 0x0000000084300000, 0x00000000d558000Event: 7.868 {heap After GC invocations=14 (full 1):
 PSYoungGen      total 30208K, used 2592K [0x00000000d5580000, 0x00000000d7680000, 0x0000000100000000)
  eden space 27136K, 0% used [0x00000000d5580000,0x00000000d5580000,0x00000000d7000000)
  from space 3072K, 84% used [0x00000000d7000000,0x00000000d7288010,0x00000000d7300000)
  to   space 3072K, 0% used [0x00000000d7380000,0x00000000d7380000,0x00000000d7680000)
 ParOldGen       total 68608K, used 23492K [0x0000000080000000, 0x0000000084300000, 0x00000000d5580000)
 Event: 7.921 {heap Before GC invocations=15 (full 1):
 PSYoungGen      total 30208K, used 29728K [0x00000000d5580000, 0x00000000d7680000, 0x0000000100000000)
  eden space 27136K, 100% used [0x00000000d5580000,0x00000000d7000000,0x00000000d7000000)
  from space 3072K, 84% used [0x00000000d7000000,0x00000000d7288010,0x00000000d7300000)
  to   space 3072K, 0% used [0x00000000d7380000,0x00000000d7380000,0x00000000d7680000)
 ParOldGen       total 68608K, used 23492K [0x0000000080000000, 0x0000000084300000, 0x00000000d558000Event: 7.923 {heap After GC invocations=15 (full 1):
 PSYoungGen      total 31232K, used 2328K [0x00000000d5580000, 0x00000000d7680000, 0x0000000100000000)
  eden space 28160K, 0% used [0x00000000d5580000,0x00000000d5580000,0x00000000d7100000)
  from space 3072K, 75% used [0x00000000d7380000,0x00000000d75c6200,0x00000000d7680000)
  to   space 2560K, 0% used [0x00000000d7100000,0x00000000d7100000,0x00000000d7380000)
 ParOldGen       total 68608K, used 25996K [0x0000000080000000, 0x0000000084300000, 0x00000000d5580000)
 Event: 8.321 {heap Before GC invocations=16 (full 1):
 PSYoungGen      total 31232K, used 30488K [0x00000000d5580000, 0x00000000d7680000, 0x0000000100000000)
  eden space 28160K, 100% used [0x00000000d5580000,0x00000000d7100000,0x00000000d7100000)
  from space 3072K, 75% used [0x00000000d7380000,0x00000000d75c6200,0x00000000d7680000)
  to   space 2560K, 0% used [0x00000000d7100000,0x00000000d7100000,0x00000000d7380000)
 ParOldGen       total 68608K, used 25996K [0x0000000080000000, 0x0000000084300000, 0x00000000d558000Event: 8.323 {heap After GC invocations=16 (full 1):
 PSYoungGen      total 30720K, used 1093K [0x00000000d5580000, 0x00000000d7680000, 0x0000000100000000)
  eden space 28160K, 0% used [0x00000000d5580000,0x00000000d5580000,0x00000000d7100000)
  from space 2560K, 42% used [0x00000000d7100000,0x00000000d7211558,0x00000000d7380000)
  to   space 2048K, 0% used [0x00000000d7480000,0x00000000d7480000,0x00000000d7680000)
 ParOldGen       total 68608K, used 28253K [0x0000000080000000, 0x0000000084300000, 0x00000000d5580000)
 Event: 8.489 {heap Before GC invocations=17 (full 2):
 PSYoungGen      total 30720K, used 11230K [0x00000000d5580000, 0x00000000d7680000, 0x0000000100000000)
  eden space 28160K, 35% used [0x00000000d5580000,0x00000000d5f66448,0x00000000d7100000)
  from space 2560K, 42% used [0x00000000d7100000,0x00000000d7211558,0x00000000d7380000)
  to   space 2048K, 0% used [0x00000000d7480000,0x00000000d7480000,0x00000000d7680000)
 ParOldGen       total 68608K, used 28253K [0x0000000080000000, 0x0000000084300000, 0x00000000d5580000Event: 8.509 {heap After GC invocations=17 (full 2):
 PSYoungGen      total 30720K, used 0K [0x00000000d5580000, 0x00000000d7680000, 0x0000000100000000)
  eden space 28160K, 0% used [0x00000000d5580000,0x00000000d5580000,0x00000000d7100000)
  from space 2560K, 0% used [0x00000000d7100000,0x00000000d7100000,0x00000000d7380000)
  to   space 2048K, 0% used [0x00000000d7480000,0x00000000d7480000,0x00000000d7680000)
 ParOldGen       total 68608K, used 29319K [0x0000000080000000, 0x0000000084300000, 0x00000000d5580000)
  obj
Metaspace Usage History (20 events):
Event: 5.887 {metaspace Before GC invocations=8 (full 1):
 Metaspace       used 26465K, committed 27200K, reserved 1114112K
  class space    used 2059K, committed 2368K, reserved 1048576K
}
Event: 5.889 {metaspace After GC invocations=8 (full 1):
 Metaspace       used 26465K, committed 27200K, reserved 1114112K
  class space    used 2059K, committed 2368K, reserved 1048576K
}
Event: 6.179 {metaspace Before GC invocations=9 (full 1):
 Metaspace       used 29782K, committed 30592K, reserved 1114112K
  class space    used 2414K, committed 2816K, reserved 1048576K
}
Event: 6.181 {metaspace After GC invocations=9 (full 1):
 Metaspace       used 29782K, committed 30592K, reserved 1114112K
  class space    used 2414K, committed 2816K, reserved 1048576K
}
Event: 7.645 {metaspace Before GC invocations=10 (full 1):
 Metaspace       used 31800K, committed 32576K, reserved 1114112K
  class space    used 2601K, committed 2944K, reserved 1048576K
}
Event: 7.649 {metaspace After GC invocations=10 (full 1):
 Metaspace       used 31800K, committed 32576K, reserved 1114112K
  class space    used 2601K, committed 2944K, reserved 1048576K
}
Event: 7.690 {metaspace Before GC invocations=11 (full 1):
 Metaspace       used 31802K, committed 32576K, reserved 1114112K
  class space    used 2601K, committed 2944K, reserved 1048576K
}
Event: 7.693 {metaspace After GC invocations=11 (full 1):
 Metaspace       used 31802K, committed 32576K, reserved 1114112K
  class space    used 2601K, committed 2944K, reserved 1048576K
}
Event: 7.772 {metaspace Before GC invocations=12 (full 1):
 Metaspace       used 32171K, committed 33024K, reserved 1114112K
  class space    used 2649K, committed 3008K, reserved 1048576K
}
Event: 7.776 {metaspace After GC invocations=12 (full 1):
 Metaspace       used 32171K, committed 33024K, reserved 1114112K
  class space    used 2649K, committed 3008K, reserved 1048576K
}
Event: 7.812 {metaspace Before GC invocations=13 (full 1):
 Metaspace       used 32181K, committed 33024K, reserved 1114112K
  class space    used 2649K, committed 3008K, reserved 1048576K
}
Event: 7.814 {metaspace After GC invocations=13 (full 1):
 Metaspace       used 32181K, committed 33024K, reserved 1114112K
  class space    used 2649K, committed 3008K, reserved 1048576K
}
Event: 7.865 {metaspace Before GC invocations=14 (full 1):
 Metaspace       used 32215K, committed 33088K, reserved 1114112K
  class space    used 2651K, committed 3008K, reserved 1048576K
}
Event: 7.868 {metaspace After GC invocations=14 (full 1):
 Metaspace       used 32215K, committed 33088K, reserved 1114112K
  class space    used 2651K, committed 3008K, reserved 1048576K
}
Event: 7.921 {metaspace Before GC invocations=15 (full 1):
 Metaspace       used 32304K, committed 33152K, reserved 1114112K
  class space    used 2652K, committed 3008K, reserved 1048576K
}
Event: 7.923 {metaspace After GC invocations=15 (full 1):
 Metaspace       used 32304K, committed 33152K, reserved 1114112K
  class space    used 2652K, committed 3008K, reserved 1048576K
}
Event: 8.321 {metaspace Before GC invocations=16 (full 1):
 Metaspace       used 34533K, committed 35392K, reserved 1114112K
  class space    used 2927K, committed 3264K, reserved 1048576K
}
Event: 8.323 {metaspace After GC invocations=16 (full 1):
 Metaspace       used 34533K, committed 35392K, reserved 1114112K
  class space    used 2927K, committed 3264K, reserved 1048576K
}
Event: 8.489 {metaspace Before GC invocations=17 (full 2):
 Metaspace       used 35069K, committed 35840K, reserved 1114112K
  class space    used 2958K, committed 3264K, reserved 1048576K
}
Event: 8.509 {metaspace After GC invocations=17 (full 2):
 Metaspace       used 35069K, committed 35840K, reserved 1114112K
  class space    used 2958K, committed 3264K, reserved 1048576K
}

