# JRE version: OpenJDK Runtime Environment Temurin-21.0.9+10 (21.0.9+10) (build 21.0.9+10-LTS)
# Java VM: OpenJDK 64-Bit Server VM Temurin-21.0.9+10 (21.0.9+10-LTS, mixed mode, sharing, tiered, compressed oops, compressed class ptrs, parallel gc, windows-amd64)
GC Precious Log:
 CardTable entry size: 512
 CPUs: 12 total, 12 available
 Memory: 16105M
 Large Page Support: Disabled
 NUMA Support: Disabled
 Compressed Oops: Enabled (32-bit)
 Alignments: Space 512K, Generation 512K, Heap 2M
 Heap Min Capacity: 100M
 Heap Initial Capacity: 100M
 Heap Max Capacity: 2G
 Pre-touch: Disabled
 Parallel Workers: 10
Heap:
 PSYoungGen      total 20992K, used 19904K [0x00000000d5580000, 0x00000000d7200000, 0x0000000100000000)
  eden space 20480K, 95% used [0x00000000d5580000,0x00000000d68983b0,0x00000000d6980000)
  from space 512K, 68% used [0x00000000d7180000,0x00000000d71d8000,0x00000000d7200000)
  to   space 1024K, 0% used [0x00000000d7000000,0x00000000d7000000,0x00000000d7100000)
 ParOldGen       total 68608K, used 33198K [0x0000000080000000, 0x0000000084300000, 0x00000000d5580000)
  object space 68608K, 48% used [0x0000000080000000,0x000000008206bb68,0x0000000084300000)
 Metaspace       used 42759K, committed 43840K, reserved 1114112K
  class space    used 4261K, committed 4736K, reserved 1048576K
GC Heap History (20 events):
Event: 5.463 GC heap before
{Heap before GC invocations=21 (full 2):
 PSYoungGen      total 22528K, used 20991K [0x00000000d5580000, 0x00000000d6d80000, 0x0000000100000000)
  eden space 20992K, 99% used [0x00000000d5580000,0x00000000d69fffc8,0x00000000d6a00000)
  from space 1536K, 0% used [0x00000000d6c00000,0x00000000d6c00000,0x00000000d6d80000)
  to   space 1536K, 0% used [0x00000000d6a80000,0x00000000d6a80000,0x00000000d6c00000)
 ParOldGen       total 68608K, used 28585K [0x0000000080000000, 0x0000000084300000, 0x00000000d5580000)
  object space 68608K, 41% used [0x0000000080000000,0x0000000081bea470,0x0000000084300000)
 Metaspace       used 35669K, committed 36608K, reserved 1114112K
  class space    used 3654K, committed 4032K, reserved 1048576K
}
Event: 5.464 GC heap after
{Heap after GC invocations=21 (full 2):
 PSYoungGen      total 22016K, used 512K [0x00000000d5580000, 0x00000000d6c80000, 0x0000000100000000)
  eden space 20992K, 0% used [0x00000000d5580000,0x00000000d5580000,0x00000000d6a00000)
  from space 1024K, 50% used [0x00000000d6a80000,0x00000000d6b00010,0x00000000d6b80000)
  to   space 1024K, 0% used [0x00000000d6b80000,0x00000000d6b80000,0x00000000d6c80000)
 ParOldGen       total 68608K, used 28593K [0x0000000080000000, 0x0000000084300000, 0x00000000d5580000)
  object space 68608K, 41% used [0x0000000080000000,0x0000000081bec470,0x0000000084300000)
 Metaspace       used 35669K, committed 36608K, reserved 1114112K
  class space    used 3654K, committed 4032K, reserved 1048576K
}
Event: 5.707 GC heap before
{Heap before GC invocations=22 (full 2):
 PSYoungGen      total 22016K, used 21504K [0x00000000d5580000, 0x00000000d6c80000, 0x0000000100000000)
  eden space 20992K, 100% used [0x00000000d5580000,0x00000000d6a00000,0x00000000d6a00000)
  from space 1024K, 50% used [0x00000000d6a80000,0x00000000d6b00010,0x00000000d6b80000)
  to   space 1024K, 0% used [0x00000000d6b80000,0x00000000d6b80000,0x00000000d6c80000)
 ParOldGen       total 68608K, used 28593K [0x0000000080000000, 0x0000000084300000, 0x00000000d5580000)
  object space 68608K, 41% used [0x0000000080000000,0x0000000081bec470,0x0000000084300000)
 Metaspace       used 36801K, committed 37824K, reserved 1114112K
  class space    used 3756K, committed 4160K, reserved 1048576K
}
Event: 5.708 GC heap after
{Heap after GC invocations=22 (full 2):
 PSYoungGen      total 21504K, used 997K [0x00000000d5580000, 0x00000000d6e00000, 0x0000000100000000)
  eden space 20480K, 0% used [0x00000000d5580000,0x00000000d5580000,0x00000000d6980000)
  from space 1024K, 97% used [0x00000000d6b80000,0x00000000d6c797e0,0x00000000d6c80000)
  to   space 2048K, 0% used [0x00000000d6980000,0x00000000d6980000,0x00000000d6b80000)
 ParOldGen       total 68608K, used 29311K [0x0000000080000000, 0x0000000084300000, 0x00000000d5580000)
  object space 68608K, 42% used [0x0000000080000000,0x0000000081c9fe88,0x0000000084300000)
 Metaspace       used 36801K, committed 37824K, reserved 1114112K
  class space    used 3756K, committed 4160K, reserved 1048576K
}
Event: 5.760 GC heap before
{Heap before GC invocations=23 (full 2):
 PSYoungGen      total 21504K, used 21477K [0x00000000d5580000, 0x00000000d6e00000, 0x0000000100000000)
  eden space 20480K, 100% used [0x00000000d5580000,0x00000000d6980000,0x00000000d6980000)
  from space 1024K, 97% used [0x00000000d6b80000,0x00000000d6c797e0,0x00000000d6c80000)
  to   space 2048K, 0% used [0x00000000d6980000,0x00000000d6980000,0x00000000d6b80000)
 ParOldGen       total 68608K, used 29311K [0x0000000080000000, 0x0000000084300000, 0x00000000d5580000)
  object space 68608K, 42% used [0x0000000080000000,0x0000000081c9fe88,0x0000000084300000)
 Metaspace       used 36812K, committed 37824K, reserved 1114112K
  class space    used 3756K, committed 4160K, reserved 1048576K
}
Event: 6.755 GC heap after
{Heap after GC invocations=23 (full 2):
 PSYoungGen      total 22528K, used 585K [0x00000000d5580000, 0x00000000d7380000, 0x0000000100000000)
  eden space 20480K, 0% used [0x00000000d5580000,0x00000000d5580000,0x00000000d6980000)
  from space 2048K, 28% used [0x00000000d6980000,0x00000000d6a127e8,0x00000000d6b80000)
  to   space 1024K, 0% used [0x00000000d7280000,0x00000000d7280000,0x00000000d7380000)
 ParOldGen       total 68608K, used 30021K [0x0000000080000000, 0x0000000084300000, 0x00000000d5580000)
  object space 68608K, 43% used [0x0000000080000000,0x0000000081d51578,0x0000000084300000)
 Metaspace       used 36812K, committed 37824K, reserved 1114112K
  class space    used 3756K, committed 4160K, reserved 1048576K
}
Event: 7.318 GC heap before
{Heap before GC invocations=24 (full 2):
 PSYoungGen      total 22528K, used 21065K [0x00000000d5580000, 0x00000000d7380000, 0x0000000100000000)
  eden space 20480K, 100% used [0x00000000d5580000,0x00000000d6980000,0x00000000d6980000)
  from space 2048K, 28% used [0x00000000d6980000,0x00000000d6a127e8,0x00000000d6b80000)
  to   space 1024K, 0% used [0x00000000d7280000,0x00000000d7280000,0x00000000d7380000)
 ParOldGen       total 68608K, used 30021K [0x0000000080000000, 0x0000000084300000, 0x00000000d5580000)
  object space 68608K, 43% used [0x0000000080000000,0x0000000081d51578,0x0000000084300000)
 Metaspace       used 38868K, committed 39872K, reserved 1114112K
  class space    used 3948K, committed 4416K, reserved 1048576K
}
Event: 7.319 GC heap after
{Heap after GC invocations=24 (full 2):
 PSYoungGen      total 21504K, used 1024K [0x00000000d5580000, 0x00000000d7380000, 0x0000000100000000)
  eden space 20480K, 0% used [0x00000000d5580000,0x00000000d5580000,0x00000000d6980000)
  from space 1024K, 100% used [0x00000000d7280000,0x00000000d7380000,0x00000000d7380000)
  to   space 1536K, 0% used [0x00000000d7080000,0x00000000d7080000,0x00000000d7200000)
 ParOldGen       total 68608K, used 30101K [0x0000000080000000, 0x0000000084300000, 0x00000000d5580000)
  object space 68608K, 43% used [0x0000000080000000,0x0000000081d65578,0x0000000084300000)
 Metaspace       used 38868K, committed 39872K, reserved 1114112K
  class space    used 3948K, committed 4416K, reserved 1048576K
}
Event: 7.819 GC heap before
{Heap before GC invocations=25 (full 2):
 PSYoungGen      total 21504K, used 21504K [0x00000000d5580000, 0x00000000d7380000, 0x0000000100000000)
  eden space 20480K, 100% used [0x00000000d5580000,0x00000000d6980000,0x00000000d6980000)
  from space 1024K, 100% used [0x00000000d7280000,0x00000000d7380000,0x00000000d7380000)
  to   space 1536K, 0% used [0x00000000d7080000,0x00000000d7080000,0x00000000d7200000)
 ParOldGen       total 68608K, used 30101K [0x0000000080000000, 0x0000000084300000, 0x00000000d5580000)
  object space 68608K, 43% used [0x0000000080000000,0x0000000081d65578,0x0000000084300000)
 Metaspace       used 39611K, committed 40576K, reserved 1114112K
  class space    used 4038K, committed 4480K, reserved 1048576K
}
Event: 7.821 GC heap after
{Heap after GC invocations=25 (full 2):
 PSYoungGen      total 22016K, used 640K [0x00000000d5580000, 0x00000000d7300000, 0x0000000100000000)
  eden space 20480K, 0% used [0x00000000d5580000,0x00000000d5580000,0x00000000d6980000)
  from space 1536K, 41% used [0x00000000d7080000,0x00000000d7120000,0x00000000d7200000)
  to   space 1024K, 0% used [0x00000000d7200000,0x00000000d7200000,0x00000000d7300000)
 ParOldGen       total 68608K, used 30769K [0x0000000080000000, 0x0000000084300000, 0x00000000d5580000)
  object space 68608K, 44% used [0x0000000080000000,0x0000000081e0c418,0x0000000084300000)
 Metaspace       used 39611K, committed 40576K, reserved 1114112K
  class space    used 4038K, committed 4480K, reserved 1048576K
}
Event: 8.088 GC heap before
{Heap before GC invocations=26 (full 2):
 PSYoungGen      total 22016K, used 21120K [0x00000000d5580000, 0x00000000d7300000, 0x0000000100000000)
  eden space 20480K, 100% used [0x00000000d5580000,0x00000000d6980000,0x00000000d6980000)
  from space 1536K, 41% used [0x00000000d7080000,0x00000000d7120000,0x00000000d7200000)
  to   space 1024K, 0% used [0x00000000d7200000,0x00000000d7200000,0x00000000d7300000)
 ParOldGen       total 68608K, used 30769K [0x0000000080000000, 0x0000000084300000, 0x00000000d5580000)
  object space 68608K, 44% used [0x0000000080000000,0x0000000081e0c418,0x0000000084300000)
 Metaspace       used 40009K, committed 41024K, reserved 1114112K
  class space    used 4066K, committed 4480K, reserved 1048576K
}
Event: 8.090 GC heap after
{Heap after GC invocations=26 (full 2):
 PSYoungGen      total 20992K, used 512K [0x00000000d5580000, 0x00000000d7280000, 0x0000000100000000)
  eden space 20480K, 0% used [0x00000000d5580000,0x00000000d5580000,0x00000000d6980000)
  from space 512K, 100% used [0x00000000d7200000,0x00000000d7280000,0x00000000d7280000)
  to   space 1024K, 0% used [0x00000000d7080000,0x00000000d7080000,0x00000000d7180000)
 ParOldGen       total 68608K, used 31089K [0x0000000080000000, 0x0000000084300000, 0x00000000d5580000)
  object space 68608K, 45% used [0x0000000080000000,0x0000000081e5c418,0x0000000084300000)
 Metaspace       used 40009K, committed 41024K, reserved 1114112K
  class space    used 4066K, committed 4480K, reserved 1048576K
}
Event: 8.460 GC heap before
{Heap before GC invocations=27 (full 2):
 PSYoungGen      total 20992K, used 20992K [0x00000000d5580000, 0x00000000d7280000, 0x0000000100000000)
  eden space 20480K, 100% used [0x00000000d5580000,0x00000000d6980000,0x00000000d6980000)
  from space 512K, 100% used [0x00000000d7200000,0x00000000d7280000,0x00000000d7280000)
  to   space 1024K, 0% used [0x00000000d7080000,0x00000000d7080000,0x00000000d7180000)
 ParOldGen       total 68608K, used 31089K [0x0000000080000000, 0x0000000084300000, 0x00000000d5580000)
  object space 68608K, 45% used [0x0000000080000000,0x0000000081e5c418,0x0000000084300000)
 Metaspace       used 40307K, committed 41344K, reserved 1114112K
  class space    used 4088K, committed 4544K, reserved 1048576K
}
Event: 8.461 GC heap after
{Heap after GC invocations=27 (full 2):
 PSYoungGen      total 21504K, used 592K [0x00000000d5580000, 0x00000000d7280000, 0x0000000100000000)
  eden space 20480K, 0% used [0x00000000d5580000,0x00000000d5580000,0x00000000d6980000)
  from space 1024K, 57% used [0x00000000d7080000,0x00000000d7114010,0x00000000d7180000)
  to   space 1024K, 0% used [0x00000000d7180000,0x00000000d7180000,0x00000000d7280000)
 ParOldGen       total 68608K, used 31341K [0x0000000080000000, 0x0000000084300000, 0x00000000d5580000)
  object space 68608K, 45% used [0x0000000080000000,0x0000000081e9b5d8,0x0000000084300000)
 Metaspace       used 40307K, committed 41344K, reserved 1114112K
  class space    used 4088K, committed 4544K, reserved 1048576K
}
Event: 11.095 GC heap before
{Heap before GC invocations=28 (full 2):
 PSYoungGen      total 21504K, used 21034K [0x00000000d5580000, 0x00000000d7280000, 0x0000000100000000)
  eden space 20480K, 99% used [0x00000000d5580000,0x00000000d6976ac0,0x00000000d6980000)
  from space 1024K, 57% used [0x00000000d7080000,0x00000000d7114010,0x00000000d7180000)
  to   space 1024K, 0% used [0x00000000d7180000,0x00000000d7180000,0x00000000d7280000)
 ParOldGen       total 68608K, used 31341K [0x0000000080000000, 0x0000000084300000, 0x00000000d5580000)
  object space 68608K, 45% used [0x0000000080000000,0x0000000081e9b5d8,0x0000000084300000)
 Metaspace       used 40681K, committed 41728K, reserved 1114112K
  class space    used 4112K, committed 4544K, reserved 1048576K
}
Event: 11.096 GC heap after
{Heap after GC invocations=28 (full 2):
 PSYoungGen      total 21504K, used 829K [0x00000000d5580000, 0x00000000d7280000, 0x0000000100000000)
  eden space 20480K, 0% used [0x00000000d5580000,0x00000000d5580000,0x00000000d6980000)
  from space 1024K, 80% used [0x00000000d7180000,0x00000000d724f598,0x00000000d7280000)
  to   space 1024K, 0% used [0x00000000d7080000,0x00000000d7080000,0x00000000d7180000)
 ParOldGen       total 68608K, used 31702K [0x0000000080000000, 0x0000000084300000, 0x00000000d5580000)
  object space 68608K, 46% used [0x0000000080000000,0x0000000081ef5940,0x0000000084300000)
 Metaspace       used 40681K, committed 41728K, reserved 1114112K
  class space    used 4112K, committed 4544K, reserved 1048576K
}
Event: 11.892 GC heap before
{Heap before GC invocations=29 (full 2):
 PSYoungGen      total 21504K, used 21309K [0x00000000d5580000, 0x00000000d7280000, 0x0000000100000000)
  eden space 20480K, 99% used [0x00000000d5580000,0x00000000d697ffc8,0x00000000d6980000)
  from space 1024K, 80% used [0x00000000d7180000,0x00000000d724f598,0x00000000d7280000)
  to   space 1024K, 0% used [0x00000000d7080000,0x00000000d7080000,0x00000000d7180000)
 ParOldGen       total 68608K, used 31702K [0x0000000080000000, 0x0000000084300000, 0x00000000d5580000)
  object space 68608K, 46% used [0x0000000080000000,0x0000000081ef5940,0x0000000084300000)
 Metaspace       used 42480K, committed 43520K, reserved 1114112K
  class space    used 4247K, committed 4672K, reserved 1048576K
}
Event: 12.683 GC heap after
{Heap after GC invocations=29 (full 2):
 PSYoungGen      total 21504K, used 1011K [0x00000000d5580000, 0x00000000d7200000, 0x0000000100000000)
  eden space 20480K, 0% used [0x00000000d5580000,0x00000000d5580000,0x00000000d6980000)
  from space 1024K, 98% used [0x00000000d7080000,0x00000000d717cef8,0x00000000d7180000)
  to   space 512K, 0% used [0x00000000d7180000,0x00000000d7180000,0x00000000d7200000)
 ParOldGen       total 68608K, used 32392K [0x0000000080000000, 0x0000000084300000, 0x00000000d5580000)
  object space 68608K, 47% used [0x0000000080000000,0x0000000081fa2308,0x0000000084300000)
 Metaspace       used 42480K, committed 43520K, reserved 1114112K
  class space    used 4247K, committed 4672K, reserved 1048576K
}
Event: 13.031 GC heap before
{Heap before GC invocations=30 (full 2):
 PSYoungGen      total 21504K, used 21487K [0x00000000d5580000, 0x00000000d7200000, 0x0000000100000000)
  eden space 20480K, 99% used [0x00000000d5580000,0x00000000d697ef80,0x00000000d6980000)
  from space 1024K, 98% used [0x00000000d7080000,0x00000000d717cef8,0x00000000d7180000)
  to   space 512K, 0% used [0x00000000d7180000,0x00000000d7180000,0x00000000d7200000)
 ParOldGen       total 68608K, used 32392K [0x0000000080000000, 0x0000000084300000, 0x00000000d5580000)
  object space 68608K, 47% used [0x0000000080000000,0x0000000081fa2308,0x0000000084300000)
 Metaspace       used 42682K, committed 43840K, reserved 1114112K
  class space    used 4260K, committed 4736K, reserved 1048576K
}
Event: 13.032 GC heap after
{Heap after GC invocations=30 (full 2):
 PSYoungGen      total 20992K, used 352K [0x00000000d5580000, 0x00000000d7200000, 0x0000000100000000)
  eden space 20480K, 0% used [0x00000000d5580000,0x00000000d5580000,0x00000000d6980000)
  from space 512K, 68% used [0x00000000d7180000,0x00000000d71d8000,0x00000000d7200000)
  to   space 1024K, 0% used [0x00000000d7000000,0x00000000d7000000,0x00000000d7100000)
 ParOldGen       total 68608K, used 33198K [0x0000000080000000, 0x0000000084300000, 0x00000000d5580000)
  object space 68608K, 48% used [0x0000000080000000,0x000000008206bb68,0x0000000084300000)
 Metaspace       used 42682K, committed 43840K, reserved 1114112K
  class space    used 4260K, committed 4736K, reserved 1048576K
}

