# JRE version: OpenJDK Runtime Environment Temurin-25.0.1+8 (25.0.1+8) (build 25.0.1+8-LTS)
# Java VM: OpenJDK 64-Bit Server VM Temurin-25.0.1+8 (25.0.1+8-LTS, mixed mode, sharing, tiered, compressed oops, compressed class ptrs, parallel gc, windows-amd64)
GC Precious Log:
 CardTable entry size: 512
 CPUs: 12 total, 12 available
 Memory: 16105M
 Large Page Support: Disabled
 NUMA Support: Disabled
 Compressed Oops: Enabled (32-bit)
 Alignments: Space 512K, Generation 512K, Heap 2M
 Heap Min Capacity: 100M
 Heap Initial Capacity: 100M
 Heap Max Capacity: 2G
 Pre-touch: Disabled
 Parallel Workers: 10
Heap:
 PSYoungGen      total 32768K, used 26087K [0x00000000d5580000, 0x00000000d7680000, 0x0000000100000000)
  eden space 31232K, 81% used [0x00000000d5580000,0x00000000d6e41ea8,0x00000000d7400000)
  from space 1536K, 47% used [0x00000000d7400000,0x00000000d74b8000,0x00000000d7580000)
  to   space 1024K, 0% used [0x00000000d7580000,0x00000000d7580000,0x00000000d7680000)
 ParOldGen       total 68608K, used 52850K [0x0000000080000000, 0x0000000084300000, 0x00000000d5580000)
  object space 68608K, 77% used [0x0000000080000000,0x000000008339c980,0x0000000084300000)
GC Heap Usage History (20 events):
Event: 6.904 {heap Before GC invocations=18 (full 2):
 PSYoungGen      total 34816K, used 33248K [0x00000000d5580000, 0x00000000d7980000, 0x0000000100000000)
  eden space 31744K, 100% used [0x00000000d5580000,0x00000000d7480000,0x00000000d7480000)
  from space 3072K, 48% used [0x00000000d7480000,0x00000000d75f8030,0x00000000d7780000)
  to   space 2048K, 0% used [0x00000000d7780000,0x00000000d7780000,0x00000000d7980000)
 ParOldGen       total 68608K, used 35320K [0x0000000080000000, 0x0000000084300000, 0x00000000d558000Event: 6.907 {heap After GC invocations=18 (full 2):
 PSYoungGen      total 33280K, used 2040K [0x00000000d5580000, 0x00000000d7b00000, 0x0000000100000000)
  eden space 31232K, 0% used [0x00000000d5580000,0x00000000d5580000,0x00000000d7400000)
  from space 2048K, 99% used [0x00000000d7780000,0x00000000d797e1c8,0x00000000d7980000)
  to   space 3584K, 0% used [0x00000000d7400000,0x00000000d7400000,0x00000000d7780000)
 ParOldGen       total 68608K, used 36535K [0x0000000080000000, 0x0000000084300000, 0x00000000d5580000)
 Event: 7.080 {heap Before GC invocations=19 (full 2):
 PSYoungGen      total 33280K, used 33272K [0x00000000d5580000, 0x00000000d7b00000, 0x0000000100000000)
  eden space 31232K, 100% used [0x00000000d5580000,0x00000000d7400000,0x00000000d7400000)
  from space 2048K, 99% used [0x00000000d7780000,0x00000000d797e1c8,0x00000000d7980000)
  to   space 3584K, 0% used [0x00000000d7400000,0x00000000d7400000,0x00000000d7780000)
 ParOldGen       total 68608K, used 36535K [0x0000000080000000, 0x0000000084300000, 0x00000000d558000Event: 7.086 {heap After GC invocations=19 (full 2):
 PSYoungGen      total 34304K, used 3074K [0x00000000d5580000, 0x00000000d7a80000, 0x0000000100000000)
  eden space 30720K, 0% used [0x00000000d5580000,0x00000000d5580000,0x00000000d7380000)
  from space 3584K, 85% used [0x00000000d7400000,0x00000000d7700820,0x00000000d7780000)
  to   space 3072K, 0% used [0x00000000d7780000,0x00000000d7780000,0x00000000d7a80000)
 ParOldGen       total 68608K, used 38507K [0x0000000080000000, 0x0000000084300000, 0x00000000d5580000)
 Event: 7.187 {heap Before GC invocations=20 (full 2):
 PSYoungGen      total 34304K, used 33794K [0x00000000d5580000, 0x00000000d7a80000, 0x0000000100000000)
  eden space 30720K, 100% used [0x00000000d5580000,0x00000000d7380000,0x00000000d7380000)
  from space 3584K, 85% used [0x00000000d7400000,0x00000000d7700820,0x00000000d7780000)
  to   space 3072K, 0% used [0x00000000d7780000,0x00000000d7780000,0x00000000d7a80000)
 ParOldGen       total 68608K, used 38507K [0x0000000080000000, 0x0000000084300000, 0x00000000d558000Event: 7.193 {heap After GC invocations=20 (full 2):
 PSYoungGen      total 33280K, used 3008K [0x00000000d5580000, 0x00000000d7a80000, 0x0000000100000000)
  eden space 30208K, 0% used [0x00000000d5580000,0x00000000d5580000,0x00000000d7300000)
  from space 3072K, 97% used [0x00000000d7780000,0x00000000d7a70010,0x00000000d7a80000)
  to   space 3072K, 0% used [0x00000000d7480000,0x00000000d7480000,0x00000000d7780000)
 ParOldGen       total 68608K, used 41417K [0x0000000080000000, 0x0000000084300000, 0x00000000d5580000)
 Event: 7.281 {heap Before GC invocations=21 (full 2):
 PSYoungGen      total 33280K, used 33216K [0x00000000d5580000, 0x00000000d7a80000, 0x0000000100000000)
  eden space 30208K, 100% used [0x00000000d5580000,0x00000000d7300000,0x00000000d7300000)
  from space 3072K, 97% used [0x00000000d7780000,0x00000000d7a70010,0x00000000d7a80000)
  to   space 3072K, 0% used [0x00000000d7480000,0x00000000d7480000,0x00000000d7780000)
 ParOldGen       total 68608K, used 41417K [0x0000000080000000, 0x0000000084300000, 0x00000000d558000Event: 7.286 {heap After GC invocations=21 (full 2):
 PSYoungGen      total 32768K, used 2756K [0x00000000d5580000, 0x00000000d7880000, 0x0000000100000000)
  eden space 29696K, 0% used [0x00000000d5580000,0x00000000d5580000,0x00000000d7280000)
  from space 3072K, 89% used [0x00000000d7480000,0x00000000d7731000,0x00000000d7780000)
  to   space 1024K, 0% used [0x00000000d7780000,0x00000000d7780000,0x00000000d7880000)
 ParOldGen       total 68608K, used 44263K [0x0000000080000000, 0x0000000084300000, 0x00000000d5580000)
 Event: 7.375 {heap Before GC invocations=22 (full 2):
 PSYoungGen      total 32768K, used 32452K [0x00000000d5580000, 0x00000000d7880000, 0x0000000100000000)
  eden space 29696K, 100% used [0x00000000d5580000,0x00000000d7280000,0x00000000d7280000)
  from space 3072K, 89% used [0x00000000d7480000,0x00000000d7731000,0x00000000d7780000)
  to   space 1024K, 0% used [0x00000000d7780000,0x00000000d7780000,0x00000000d7880000)
 ParOldGen       total 68608K, used 44263K [0x0000000080000000, 0x0000000084300000, 0x00000000d558000Event: 7.378 {heap After GC invocations=22 (full 2):
 PSYoungGen      total 29696K, used 1024K [0x00000000d5580000, 0x00000000d7e00000, 0x0000000100000000)
  eden space 28672K, 0% used [0x00000000d5580000,0x00000000d5580000,0x00000000d7180000)
  from space 1024K, 100% used [0x00000000d7780000,0x00000000d7880000,0x00000000d7880000)
  to   space 6144K, 0% used [0x00000000d7180000,0x00000000d7180000,0x00000000d7780000)
 ParOldGen       total 68608K, used 48563K [0x0000000080000000, 0x0000000084300000, 0x00000000d5580000)
Event: 7.717 {heap Before GC invocations=23 (full 2):
 PSYoungGen      total 29696K, used 29696K [0x00000000d5580000, 0x00000000d7e00000, 0x0000000100000000)
  eden space 28672K, 100% used [0x00000000d5580000,0x00000000d7180000,0x00000000d7180000)
  from space 1024K, 100% used [0x00000000d7780000,0x00000000d7880000,0x00000000d7880000)
  to   space 6144K, 0% used [0x00000000d7180000,0x00000000d7180000,0x00000000d7780000)
 ParOldGen       total 68608K, used 48563K [0x0000000080000000, 0x0000000084300000, 0x00000000d55800Event: 7.721 {heap After GC invocations=23 (full 2):
 PSYoungGen      total 30208K, used 1765K [0x00000000d5580000, 0x00000000d7800000, 0x0000000100000000)
  eden space 28160K, 0% used [0x00000000d5580000,0x00000000d5580000,0x00000000d7100000)
  from space 2048K, 86% used [0x00000000d7180000,0x00000000d7339558,0x00000000d7380000)
  to   space 3072K, 0% used [0x00000000d7500000,0x00000000d7500000,0x00000000d7800000)
 ParOldGen       total 68608K, used 49635K [0x0000000080000000, 0x0000000084300000, 0x00000000d5580000)
 Event: 8.404 {heap Before GC invocations=24 (full 2):
 PSYoungGen      total 30208K, used 29886K [0x00000000d5580000, 0x00000000d7800000, 0x0000000100000000)
  eden space 28160K, 99% used [0x00000000d5580000,0x00000000d70f65e8,0x00000000d7100000)
  from space 2048K, 86% used [0x00000000d7180000,0x00000000d7339558,0x00000000d7380000)
  to   space 3072K, 0% used [0x00000000d7500000,0x00000000d7500000,0x00000000d7800000)
 ParOldGen       total 68608K, used 49635K [0x0000000080000000, 0x0000000084300000, 0x00000000d5580000Event: 8.407 {heap After GC invocations=24 (full 2):
 PSYoungGen      total 32256K, used 512K [0x00000000d5580000, 0x00000000d7680000, 0x0000000100000000)
  eden space 30720K, 0% used [0x00000000d5580000,0x00000000d5580000,0x00000000d7380000)
  from space 1536K, 33% used [0x00000000d7500000,0x00000000d7580000,0x00000000d7680000)
  to   space 1536K, 0% used [0x00000000d7380000,0x00000000d7380000,0x00000000d7500000)
 ParOldGen       total 68608K, used 51253K [0x0000000080000000, 0x0000000084300000, 0x00000000d5580000)
  Event: 8.686 {heap Before GC invocations=25 (full 2):
 PSYoungGen      total 32256K, used 31232K [0x00000000d5580000, 0x00000000d7680000, 0x0000000100000000)
  eden space 30720K, 100% used [0x00000000d5580000,0x00000000d7380000,0x00000000d7380000)
  from space 1536K, 33% used [0x00000000d7500000,0x00000000d7580000,0x00000000d7680000)
  to   space 1536K, 0% used [0x00000000d7380000,0x00000000d7380000,0x00000000d7500000)
 ParOldGen       total 68608K, used 51253K [0x0000000080000000, 0x0000000084300000, 0x00000000d558000Event: 8.687 {heap After GC invocations=25 (full 2):
 PSYoungGen      total 31744K, used 1532K [0x00000000d5580000, 0x00000000d7900000, 0x0000000100000000)
  eden space 30208K, 0% used [0x00000000d5580000,0x00000000d5580000,0x00000000d7300000)
  from space 1536K, 99% used [0x00000000d7380000,0x00000000d74ff088,0x00000000d7500000)
  to   space 3072K, 0% used [0x00000000d7600000,0x00000000d7600000,0x00000000d7900000)
 ParOldGen       total 68608K, used 51977K [0x0000000080000000, 0x0000000084300000, 0x00000000d5580000)
 Event: 8.887 {heap Before GC invocations=26 (full 2):
 PSYoungGen      total 31744K, used 31740K [0x00000000d5580000, 0x00000000d7900000, 0x0000000100000000)
  eden space 30208K, 100% used [0x00000000d5580000,0x00000000d7300000,0x00000000d7300000)
  from space 1536K, 99% used [0x00000000d7380000,0x00000000d74ff088,0x00000000d7500000)
  to   space 3072K, 0% used [0x00000000d7600000,0x00000000d7600000,0x00000000d7900000)
 ParOldGen       total 68608K, used 51977K [0x0000000080000000, 0x0000000084300000, 0x00000000d558000Event: 8.888 {heap After GC invocations=26 (full 2):
 PSYoungGen      total 32256K, used 800K [0x00000000d5580000, 0x00000000d7700000, 0x0000000100000000)
  eden space 31232K, 0% used [0x00000000d5580000,0x00000000d5580000,0x00000000d7400000)
  from space 1024K, 78% used [0x00000000d7600000,0x00000000d76c8000,0x00000000d7700000)
  to   space 1536K, 0% used [0x00000000d7400000,0x00000000d7400000,0x00000000d7580000)
 ParOldGen       total 68608K, used 52266K [0x0000000080000000, 0x0000000084300000, 0x00000000d5580000)
  Event: 9.281 {heap Before GC invocations=27 (full 2):
 PSYoungGen      total 32256K, used 32032K [0x00000000d5580000, 0x00000000d7700000, 0x0000000100000000)
  eden space 31232K, 100% used [0x00000000d5580000,0x00000000d7400000,0x00000000d7400000)
  from space 1024K, 78% used [0x00000000d7600000,0x00000000d76c8000,0x00000000d7700000)
  to   space 1536K, 0% used [0x00000000d7400000,0x00000000d7400000,0x00000000d7580000)
 ParOldGen       total 68608K, used 52266K [0x0000000080000000, 0x0000000084300000, 0x00000000d558000Event: 9.283 {heap After GC invocations=27 (full 2):
 PSYoungGen      total 32768K, used 736K [0x00000000d5580000, 0x00000000d7680000, 0x0000000100000000)
  eden space 31232K, 0% used [0x00000000d5580000,0x00000000d5580000,0x00000000d7400000)
  from space 1536K, 47% used [0x00000000d7400000,0x00000000d74b8000,0x00000000d7580000)
  to   space 1024K, 0% used [0x00000000d7580000,0x00000000d7580000,0x00000000d7680000)
 ParOldGen       total 68608K, used 52850K [0x0000000080000000, 0x0000000084300000, 0x00000000d5580000)
  
Metaspace Usage History (20 events):
Event: 6.904 {metaspace Before GC invocations=18 (full 2):
 Metaspace       used 47716K, committed 48704K, reserved 1114112K
  class space    used 4194K, committed 4608K, reserved 1048576K
}
Event: 6.907 {metaspace After GC invocations=18 (full 2):
 Metaspace       used 47716K, committed 48704K, reserved 1114112K
  class space    used 4194K, committed 4608K, reserved 1048576K
}
Event: 7.080 {metaspace Before GC invocations=19 (full 2):
 Metaspace       used 48056K, committed 49088K, reserved 1114112K
  class space    used 4238K, committed 4672K, reserved 1048576K
}
Event: 7.086 {metaspace After GC invocations=19 (full 2):
 Metaspace       used 48056K, committed 49088K, reserved 1114112K
  class space    used 4238K, committed 4672K, reserved 1048576K
}
Event: 7.187 {metaspace Before GC invocations=20 (full 2):
 Metaspace       used 48075K, committed 49152K, reserved 1114112K
  class space    used 4238K, committed 4672K, reserved 1048576K
}
Event: 7.193 {metaspace After GC invocations=20 (full 2):
 Metaspace       used 48075K, committed 49152K, reserved 1114112K
  class space    used 4238K, committed 4672K, reserved 1048576K
}
Event: 7.281 {metaspace Before GC invocations=21 (full 2):
 Metaspace       used 48078K, committed 49152K, reserved 1114112K
  class space    used 4238K, committed 4672K, reserved 1048576K
}
Event: 7.286 {metaspace After GC invocations=21 (full 2):
 Metaspace       used 48078K, committed 49152K, reserved 1114112K
  class space    used 4238K, committed 4672K, reserved 1048576K
}
Event: 7.375 {metaspace Before GC invocations=22 (full 2):
 Metaspace       used 48138K, committed 49216K, reserved 1114112K
  class space    used 4240K, committed 4672K, reserved 1048576K
}
Event: 7.378 {metaspace After GC invocations=22 (full 2):
 Metaspace       used 48138K, committed 49216K, reserved 1114112K
  class space    used 4240K, committed 4672K, reserved 1048576K
}
Event: 7.717 {metaspace Before GC invocations=23 (full 2):
 Metaspace       used 49985K, committed 51072K, reserved 1114112K
  class space    used 4454K, committed 4928K, reserved 1048576K
}
Event: 7.721 {metaspace After GC invocations=23 (full 2):
 Metaspace       used 49985K, committed 51072K, reserved 1114112K
  class space    used 4454K, committed 4928K, reserved 1048576K
}
Event: 8.404 {metaspace Before GC invocations=24 (full 2):
 Metaspace       used 51477K, committed 52544K, reserved 1114112K
  class space    used 4597K, committed 5056K, reserved 1048576K
}
Event: 8.407 {metaspace After GC invocations=24 (full 2):
 Metaspace       used 51477K, committed 52544K, reserved 1114112K
  class space    used 4597K, committed 5056K, reserved 1048576K
}
Event: 8.686 {metaspace Before GC invocations=25 (full 2):
 Metaspace       used 53096K, committed 54144K, reserved 1114112K
  class space    used 4704K, committed 5184K, reserved 1048576K
}
Event: 8.687 {metaspace After GC invocations=25 (full 2):
 Metaspace       used 53096K, committed 54144K, reserved 1114112K
  class space    used 4704K, committed 5184K, reserved 1048576K
}
Event: 8.887 {metaspace Before GC invocations=26 (full 2):
 Metaspace       used 54711K, committed 55808K, reserved 1114112K
  class space    used 4872K, committed 5312K, reserved 1048576K
}
Event: 8.888 {metaspace After GC invocations=26 (full 2):
 Metaspace       used 54711K, committed 55808K, reserved 1114112K
  class space    used 4872K, committed 5312K, reserved 1048576K
}
Event: 9.281 {metaspace Before GC invocations=27 (full 2):
 Metaspace       used 55258K, committed 56384K, reserved 1114112K
  class space    used 4908K, committed 5376K, reserved 1048576K
}
Event: 9.283 {metaspace After GC invocations=27 (full 2):
 Metaspace       used 55258K, committed 56384K, reserved 1114112K
  class space    used 4908K, committed 5376K, reserved 1048576K
}

